<?xml version="1.0" encoding="UTF-8"?>
<testsuite xmlns:xsi="http://www.w3.org/2001/XMLSchema-instance" xsi:noNamespaceSchemaLocation="https://maven.apache.org/surefire/maven-surefire-plugin/xsd/surefire-test-report.xsd" name="ies.lab02.AppTest" time="0.027" tests="1" errors="0" skipped="0" failures="0">
  <properties>
    <property name="java.specification.version" value="21"/>
    <property name="sun.jnu.encoding" value="UTF-8"/>
    <property name="java.class.path" value="/home/pedro/Documents/Universidade/3ano/1semestre/IES/Praticas/Lab02/Lab02_1/embedded-jetty-server/target/test-classes:/home/pedro/Documents/Universidade/3ano/1semestre/IES/Praticas/Lab02/Lab02_1/embedded-jetty-server/target/classes:/home/pedro/.m2/repository/junit/junit/4.11/junit-4.11.jar:/home/pedro/.m2/repository/org/hamcrest/hamcrest-core/1.3/hamcrest-core-1.3.jar:/home/pedro/.m2/repository/org/eclipse/jetty/jetty-server/9.2.15.v20160210/jetty-server-9.2.15.v20160210.jar:/home/pedro/.m2/repository/javax/servlet/javax.servlet-api/3.1.0/javax.servlet-api-3.1.0.jar:/home/pedro/.m2/repository/org/eclipse/jetty/jetty-http/9.2.15.v20160210/jetty-http-9.2.15.v20160210.jar:/home/pedro/.m2/repository/org/eclipse/jetty/jetty-util/9.2.15.v20160210/jetty-util-9.2.15.v20160210.jar:/home/pedro/.m2/repository/org/eclipse/jetty/jetty-io/9.2.15.v20160210/jetty-io-9.2.15.v20160210.jar:/home/pedro/.m2/repository/org/eclipse/jetty/jetty-servlet/9.2.15.v20160210/jetty-servlet-9.2.15.v20160210.jar:/home/pedro/.m2/repository/org/eclipse/jetty/jetty-security/9.2.15.v20160210/jetty-security-9.2.15.v20160210.jar:"/>
    <property name="java.vm.vendor" value="Ubuntu"/>
    <property name="sun.arch.data.model" value="64"/>
    <property name="java.vendor.url" value="https://ubuntu.com/"/>
    <property name="os.name" value="Linux"/>
    <property name="java.vm.specification.version" value="21"/>
    <property name="sun.java.launcher" value="SUN_STANDARD"/>
    <property name="user.country" value="US"/>
    <property name="sun.boot.library.path" value="/usr/lib/jvm/java-21-openjdk-amd64/lib"/>
    <property name="sun.java.command" value="/home/pedro/Documents/Universidade/3ano/1semestre/IES/Praticas/Lab02/Lab02_1/embedded-jetty-server/target/surefire/surefirebooter17904017290301748585.jar /home/pedro/Documents/Universidade/3ano/1semestre/IES/Praticas/Lab02/Lab02_1/embedded-jetty-server/target/surefire 2024-10-08T15-18-45_283-jvmRun1 surefire14751305031205420208tmp surefire_016163581767948689916tmp"/>
    <property name="jdk.debug" value="release"/>
    <property name="surefire.test.class.path" value="/home/pedro/Documents/Universidade/3ano/1semestre/IES/Praticas/Lab02/Lab02_1/embedded-jetty-server/target/test-classes:/home/pedro/Documents/Universidade/3ano/1semestre/IES/Praticas/Lab02/Lab02_1/embedded-jetty-server/target/classes:/home/pedro/.m2/repository/junit/junit/4.11/junit-4.11.jar:/home/pedro/.m2/repository/org/hamcrest/hamcrest-core/1.3/hamcrest-core-1.3.jar:/home/pedro/.m2/repository/org/eclipse/jetty/jetty-server/9.2.15.v20160210/jetty-server-9.2.15.v20160210.jar:/home/pedro/.m2/repository/javax/servlet/javax.servlet-api/3.1.0/javax.servlet-api-3.1.0.jar:/home/pedro/.m2/repository/org/eclipse/jetty/jetty-http/9.2.15.v20160210/jetty-http-9.2.15.v20160210.jar:/home/pedro/.m2/repository/org/eclipse/jetty/jetty-util/9.2.15.v20160210/jetty-util-9.2.15.v20160210.jar:/home/pedro/.m2/repository/org/eclipse/jetty/jetty-io/9.2.15.v20160210/jetty-io-9.2.15.v20160210.jar:/home/pedro/.m2/repository/org/eclipse/jetty/jetty-servlet/9.2.15.v20160210/jetty-servlet-9.2.15.v20160210.jar:/home/pedro/.m2/repository/org/eclipse/jetty/jetty-security/9.2.15.v20160210/jetty-security-9.2.15.v20160210.jar:"/>
    <property name="sun.cpu.endian" value="little"/>
    <property name="user.home" value="/home/pedro"/>
    <property name="user.language" value="en"/>
    <property name="java.specification.vendor" value="Oracle Corporation"/>
    <property name="java.version.date" value="2024-07-16"/>
    <property name="java.home" value="/usr/lib/jvm/java-21-openjdk-amd64"/>
    <property name="file.separator" value="/"/>
    <property name="basedir" value="/home/pedro/Documents/Universidade/3ano/1semestre/IES/Praticas/Lab02/Lab02_1/embedded-jetty-server"/>
    <property name="java.vm.compressedOopsMode" value="Zero based"/>
    <property name="line.separator" value="&#10;"/>
    <property name="java.specification.name" value="Java Platform API Specification"/>
    <property name="java.vm.specification.vendor" value="Oracle Corporation"/>
    <property name="surefire.real.class.path" value="/home/pedro/Documents/Universidade/3ano/1semestre/IES/Praticas/Lab02/Lab02_1/embedded-jetty-server/target/surefire/surefirebooter17904017290301748585.jar"/>
    <property name="sun.management.compiler" value="HotSpot 64-Bit Tiered Compilers"/>
    <property name="java.runtime.version" value="21.0.4+7-Ubuntu-1ubuntu224.04"/>
    <property name="user.name" value="pedro"/>
    <property name="stdout.encoding" value="UTF-8"/>
    <property name="path.separator" value=":"/>
    <property name="os.version" value="6.8.0-45-generic"/>
    <property name="java.runtime.name" value="OpenJDK Runtime Environment"/>
    <property name="file.encoding" value="UTF-8"/>
    <property name="java.vm.name" value="OpenJDK 64-Bit Server VM"/>
    <property name="localRepository" value="/home/pedro/.m2/repository"/>
    <property name="java.vendor.url.bug" value="https://bugs.launchpad.net/ubuntu/+source/openjdk-21"/>
    <property name="java.io.tmpdir" value="/tmp"/>
    <property name="java.version" value="21.0.4"/>
    <property name="user.dir" value="/home/pedro/Documents/Universidade/3ano/1semestre/IES/Praticas/Lab02/Lab02_1/embedded-jetty-server"/>
    <property name="os.arch" value="amd64"/>
    <property name="java.vm.specification.name" value="Java Virtual Machine Specification"/>
    <property name="native.encoding" value="UTF-8"/>
    <property name="java.library.path" value="/usr/java/packages/lib:/usr/lib/x86_64-linux-gnu/jni:/lib/x86_64-linux-gnu:/usr/lib/x86_64-linux-gnu:/usr/lib/jni:/lib:/usr/lib"/>
    <property name="java.vm.info" value="mixed mode, sharing"/>
    <property name="stderr.encoding" value="UTF-8"/>
    <property name="java.vendor" value="Ubuntu"/>
    <property name="java.vm.version" value="21.0.4+7-Ubuntu-1ubuntu224.04"/>
    <property name="sun.io.unicode.encoding" value="UnicodeLittle"/>
    <property name="java.class.version" value="65.0"/>
  </properties>
  <testcase name="shouldAnswerWithTrue" classname="ies.lab02.AppTest" time="0.004"/>
</testsuite>